2020-02-27 14:11:09,703 [Worker-1] INFO  c.g.t.t.d.PublishedGradleVersions - Gradle version information cache is up-to-date. Trying to read.
2020-02-27 15:16:47,661 [Worker-75] INFO  o.e.m.c.i.l.LifecycleMappingFactory - Using org.eclipse.m2e.jdt.JarLifecycleMapping lifecycle mapping for MavenProject: com.inti:firstGITNantes:0.0.1-SNAPSHOT @ C:\Users\IN-NN-014\Desktop\FormationAdaming\GIT\Workspace2\projetGITNantes\pom.xml.
2020-02-27 15:16:53,061 [Worker-75] INFO  o.e.m.j.i.AbstractJavaProjectConfigurator - Adding source folder /projetGITNantes/src/main/java
2020-02-27 15:16:53,072 [Worker-75] INFO  o.e.m.j.i.AbstractJavaProjectConfigurator - Adding resource folder /projetGITNantes/src/main/resources
2020-02-27 15:16:53,081 [Worker-75] INFO  o.e.m.j.i.AbstractJavaProjectConfigurator - Adding resource folder /projetGITNantes/src/main/resources
2020-02-27 15:16:53,101 [Worker-75] INFO  o.e.m.j.i.AbstractJavaProjectConfigurator - Adding source folder /projetGITNantes/src/test/java
2020-02-27 15:17:16,706 [Worker-75] INFO  o.e.m.c.i.embedder.EclipseLogger - Using 'UTF-8' encoding to copy filtered resources.
2020-02-27 15:17:16,716 [Worker-75] INFO  o.e.m.c.i.embedder.EclipseLogger - Copying 1 resource
2020-02-27 15:17:16,751 [Worker-75] INFO  o.e.m.c.i.embedder.EclipseLogger - Copying 0 resource
2020-02-27 15:17:16,756 [Worker-75] INFO  o.e.m.c.i.embedder.EclipseLogger - Using 'UTF-8' encoding to copy filtered resources.
2020-02-27 15:17:16,756 [Worker-75] INFO  o.e.m.c.i.embedder.EclipseLogger - skip non existing resourceDirectory C:\Users\IN-NN-014\Desktop\FormationAdaming\GIT\Workspace2\projetGITNantes\src\test\resources
2020-02-27 15:17:23,523 [Worker-75] INFO  o.e.m.c.i.p.ProjectConfigurationManager - Imported and configured 1 project(s) in 61 sec
2020-02-27 15:17:25,146 [Worker-68] INFO  o.e.m.c.i.embedder.EclipseLogger - Using 'UTF-8' encoding to copy filtered resources.
2020-02-27 15:17:25,146 [Worker-68] INFO  o.e.m.c.i.embedder.EclipseLogger - Copying 0 resource
2020-02-27 15:17:25,146 [Worker-68] INFO  o.e.m.c.i.embedder.EclipseLogger - Copying 0 resource
2020-02-27 15:17:25,151 [Worker-68] INFO  o.e.m.c.i.embedder.EclipseLogger - Using 'UTF-8' encoding to copy filtered resources.
2020-02-27 15:17:25,156 [Worker-68] INFO  o.e.m.c.i.embedder.EclipseLogger - skip non existing resourceDirectory C:\Users\IN-NN-014\Desktop\FormationAdaming\GIT\Workspace2\projetGITNantes\src\test\resources
2020-02-27 15:17:32,261 [Worker-78] INFO  o.e.m.c.i.embedder.EclipseLogger - Using 'UTF-8' encoding to copy filtered resources.
2020-02-27 15:17:32,261 [Worker-78] INFO  o.e.m.c.i.embedder.EclipseLogger - Copying 1 resource
2020-02-27 15:17:32,261 [Worker-78] INFO  o.e.m.c.i.embedder.EclipseLogger - Copying 0 resource
2020-02-27 15:17:32,271 [Worker-78] INFO  o.e.m.c.i.embedder.EclipseLogger - Using 'UTF-8' encoding to copy filtered resources.
2020-02-27 15:17:32,271 [Worker-78] INFO  o.e.m.c.i.embedder.EclipseLogger - skip non existing resourceDirectory C:\Users\IN-NN-014\Desktop\FormationAdaming\GIT\Workspace2\projetGITNantes\src\test\resources
2020-02-27 15:17:51,346 [Worker-77] INFO  o.e.m.c.i.p.ProjectConfigurationManager - Update started
2020-02-27 15:17:52,316 [Worker-77] INFO  o.e.m.c.i.l.LifecycleMappingFactory - Using org.eclipse.m2e.jdt.JarLifecycleMapping lifecycle mapping for MavenProject: com.inti:firstGITNantes:0.0.1-SNAPSHOT @ C:\Users\IN-NN-014\Desktop\FormationAdaming\GIT\Workspace2\projetGITNantes\pom.xml.
2020-02-27 15:17:53,436 [Worker-77] INFO  o.e.m.j.i.AbstractJavaProjectConfigurator - Adding source folder /projetGITNantes/src/main/java
2020-02-27 15:17:53,437 [Worker-77] INFO  o.e.m.j.i.AbstractJavaProjectConfigurator - Adding resource folder /projetGITNantes/src/main/resources
2020-02-27 15:17:53,437 [Worker-77] INFO  o.e.m.j.i.AbstractJavaProjectConfigurator - Adding resource folder /projetGITNantes/src/main/resources
2020-02-27 15:17:53,438 [Worker-77] INFO  o.e.m.j.i.AbstractJavaProjectConfigurator - Adding source folder /projetGITNantes/src/test/java
2020-02-27 15:17:57,421 [Worker-77] INFO  o.e.m.c.i.embedder.EclipseLogger - Using 'UTF-8' encoding to copy filtered resources.
2020-02-27 15:17:57,431 [Worker-77] INFO  o.e.m.c.i.embedder.EclipseLogger - Copying 1 resource
2020-02-27 15:17:57,461 [Worker-77] INFO  o.e.m.c.i.embedder.EclipseLogger - Copying 0 resource
2020-02-27 15:17:57,466 [Worker-77] INFO  o.e.m.c.i.embedder.EclipseLogger - Using 'UTF-8' encoding to copy filtered resources.
2020-02-27 15:17:57,466 [Worker-77] INFO  o.e.m.c.i.embedder.EclipseLogger - skip non existing resourceDirectory C:\Users\IN-NN-014\Desktop\FormationAdaming\GIT\Workspace2\projetGITNantes\src\test\resources
2020-02-27 15:17:58,931 [Worker-77] INFO  o.e.m.c.i.p.ProjectConfigurationManager - Update completed: 7 sec
2020-02-27 15:18:01,615 [Worker-65] INFO  o.e.m.c.i.embedder.EclipseLogger - Using 'UTF-8' encoding to copy filtered resources.
2020-02-27 15:18:01,615 [Worker-65] INFO  o.e.m.c.i.embedder.EclipseLogger - Copying 1 resource
2020-02-27 15:18:01,623 [Worker-65] INFO  o.e.m.c.i.embedder.EclipseLogger - Copying 0 resource
2020-02-27 15:18:01,626 [Worker-65] INFO  o.e.m.c.i.embedder.EclipseLogger - Using 'UTF-8' encoding to copy filtered resources.
2020-02-27 15:18:01,626 [Worker-65] INFO  o.e.m.c.i.embedder.EclipseLogger - skip non existing resourceDirectory C:\Users\IN-NN-014\Desktop\FormationAdaming\GIT\Workspace2\projetGITNantes\src\test\resources
2020-02-27 15:22:54,013 [Worker-64] INFO  o.e.m.c.i.l.LifecycleMappingFactory - Using org.eclipse.m2e.jdt.JarLifecycleMapping lifecycle mapping for MavenProject: com.inti:ProjectGroupMVCGit:0.0.1-SNAPSHOT @ C:\Users\IN-NN-014\Desktop\FormationAdaming\GIT\Workspace2\ProjectGroupMVCGit\pom.xml.
2020-02-27 15:22:56,086 [Worker-64] INFO  o.e.m.j.i.AbstractJavaProjectConfigurator - Adding source folder /ProjectGroupMVCGit/src/main/java
2020-02-27 15:22:56,087 [Worker-64] INFO  o.e.m.j.i.AbstractJavaProjectConfigurator - Adding resource folder /ProjectGroupMVCGit/src/main/resources
2020-02-27 15:22:56,088 [Worker-64] INFO  o.e.m.j.i.AbstractJavaProjectConfigurator - Adding source folder /ProjectGroupMVCGit/src/test/java
2020-02-27 15:22:56,089 [Worker-64] INFO  o.e.m.j.i.AbstractJavaProjectConfigurator - Adding resource folder /ProjectGroupMVCGit/src/test/resources
2020-02-27 15:22:56,287 [Worker-64] WARN  o.e.m.c.i.embedder.EclipseLogger - Using platform encoding (Cp1252 actually) to copy filtered resources, i.e. build is platform dependent!
2020-02-27 15:22:56,302 [Worker-64] INFO  o.e.m.c.i.embedder.EclipseLogger - Copying 0 resource
2020-02-27 15:22:56,305 [Worker-64] WARN  o.e.m.c.i.embedder.EclipseLogger - Using platform encoding (Cp1252 actually) to copy filtered resources, i.e. build is platform dependent!
2020-02-27 15:22:56,315 [Worker-64] INFO  o.e.m.c.i.embedder.EclipseLogger - Copying 0 resource
2020-02-27 15:22:56,580 [Worker-81] WARN  o.e.m.c.i.embedder.EclipseLogger - Using platform encoding (Cp1252 actually) to copy filtered resources, i.e. build is platform dependent!
2020-02-27 15:22:56,600 [Worker-81] INFO  o.e.m.c.i.embedder.EclipseLogger - Copying 0 resource
2020-02-27 15:22:56,602 [Worker-81] WARN  o.e.m.c.i.embedder.EclipseLogger - Using platform encoding (Cp1252 actually) to copy filtered resources, i.e. build is platform dependent!
2020-02-27 15:22:56,618 [Worker-81] INFO  o.e.m.c.i.embedder.EclipseLogger - Copying 0 resource
2020-02-27 15:24:55,747 [Worker-82] WARN  o.e.m.c.i.embedder.EclipseLogger - Using platform encoding (Cp1252 actually) to copy filtered resources, i.e. build is platform dependent!
2020-02-27 15:24:55,777 [Worker-82] INFO  o.e.m.c.i.embedder.EclipseLogger - Copying 0 resource
2020-02-27 15:24:55,779 [Worker-82] WARN  o.e.m.c.i.embedder.EclipseLogger - Using platform encoding (Cp1252 actually) to copy filtered resources, i.e. build is platform dependent!
2020-02-27 15:24:55,793 [Worker-82] INFO  o.e.m.c.i.embedder.EclipseLogger - Copying 0 resource
2020-02-27 15:26:15,314 [Worker-81] INFO  o.e.m.c.i.l.LifecycleMappingFactory - Using org.eclipse.m2e.jdt.JarLifecycleMapping lifecycle mapping for MavenProject: com.inti:ProjectGroupMVCGit:0.0.1-SNAPSHOT @ C:\Users\IN-NN-014\Desktop\FormationAdaming\GIT\Workspace2\ProjectGroupMVCGit\pom.xml.
2020-02-27 15:26:16,362 [Worker-81] WARN  o.e.m.c.i.embedder.EclipseLogger - Using platform encoding (Cp1252 actually) to copy filtered resources, i.e. build is platform dependent!
2020-02-27 15:26:16,414 [Worker-81] INFO  o.e.m.c.i.embedder.EclipseLogger - Copying 0 resource
2020-02-27 15:26:16,417 [Worker-81] WARN  o.e.m.c.i.embedder.EclipseLogger - Using platform encoding (Cp1252 actually) to copy filtered resources, i.e. build is platform dependent!
2020-02-27 15:26:16,557 [Worker-81] INFO  o.e.m.c.i.embedder.EclipseLogger - Copying 0 resource
2020-02-27 15:26:17,616 [Worker-83] WARN  o.e.m.c.i.embedder.EclipseLogger - Using platform encoding (Cp1252 actually) to copy filtered resources, i.e. build is platform dependent!
2020-02-27 15:26:17,641 [Worker-83] INFO  o.e.m.c.i.embedder.EclipseLogger - Copying 0 resource
2020-02-27 15:26:17,643 [Worker-83] WARN  o.e.m.c.i.embedder.EclipseLogger - Using platform encoding (Cp1252 actually) to copy filtered resources, i.e. build is platform dependent!
2020-02-27 15:26:17,661 [Worker-83] INFO  o.e.m.c.i.embedder.EclipseLogger - Copying 0 resource
2020-02-27 15:26:57,377 [Worker-81] INFO  o.e.m.c.i.p.ProjectConfigurationManager - Update started
2020-02-27 15:26:57,872 [Worker-81] INFO  o.e.m.c.i.l.LifecycleMappingFactory - Using org.eclipse.m2e.jdt.JarLifecycleMapping lifecycle mapping for MavenProject: com.inti:ProjectGroupMVCGit:0.0.1-SNAPSHOT @ C:\Users\IN-NN-014\Desktop\FormationAdaming\GIT\Workspace2\ProjectGroupMVCGit\pom.xml.
2020-02-27 15:26:58,341 [Worker-81] INFO  o.e.m.j.i.AbstractJavaProjectConfigurator - Adding source folder /ProjectGroupMVCGit/src
2020-02-27 15:26:58,342 [Worker-81] INFO  o.e.m.j.i.AbstractJavaProjectConfigurator - Resources folder /ProjectGroupMVCGit/src/main/resources overlaps with sources folder /ProjectGroupMVCGit/src/main/resources
2020-02-27 15:26:58,343 [Worker-81] INFO  o.e.m.j.i.AbstractJavaProjectConfigurator - Adding source folder /ProjectGroupMVCGit/src/test/java
2020-02-27 15:26:58,343 [Worker-81] INFO  o.e.m.j.i.AbstractJavaProjectConfigurator - Resources folder /ProjectGroupMVCGit/src/test/resources overlaps with sources folder /ProjectGroupMVCGit/src/test/resources
2020-02-27 15:26:58,389 [Worker-81] INFO  o.e.m.c.i.p.ProjectConfigurationManager - Update completed: 1 sec
2020-02-27 15:26:58,863 [Worker-81] WARN  o.e.m.c.i.embedder.EclipseLogger - Using platform encoding (Cp1252 actually) to copy filtered resources, i.e. build is platform dependent!
2020-02-27 15:26:58,883 [Worker-81] INFO  o.e.m.c.i.embedder.EclipseLogger - Copying 0 resource
2020-02-27 15:26:58,885 [Worker-81] WARN  o.e.m.c.i.embedder.EclipseLogger - Using platform encoding (Cp1252 actually) to copy filtered resources, i.e. build is platform dependent!
2020-02-27 15:26:58,901 [Worker-81] INFO  o.e.m.c.i.embedder.EclipseLogger - Copying 0 resource
2020-02-27 15:30:47,522 [Worker-93] INFO  o.e.m.c.i.l.LifecycleMappingFactory - Using org.eclipse.m2e.jdt.JarLifecycleMapping lifecycle mapping for MavenProject: com.inti:ProjectGroupGitMVC:0.0.1-SNAPSHOT @ C:\Users\IN-NN-014\Desktop\FormationAdaming\GIT\Workspace2\ProjetGroupGitMVC\pom.xml.
2020-02-27 15:30:47,727 [Worker-93] WARN  o.e.m.c.i.embedder.EclipseLogger - Using platform encoding (Cp1252 actually) to copy filtered resources, i.e. build is platform dependent!
2020-02-27 15:30:47,743 [Worker-93] INFO  o.e.m.c.i.embedder.EclipseLogger - skip non existing resourceDirectory C:\Users\IN-NN-014\Desktop\FormationAdaming\GIT\Workspace2\ProjetGroupGitMVC\src\main\resources
2020-02-27 15:30:47,745 [Worker-93] WARN  o.e.m.c.i.embedder.EclipseLogger - Using platform encoding (Cp1252 actually) to copy filtered resources, i.e. build is platform dependent!
2020-02-27 15:30:47,758 [Worker-93] INFO  o.e.m.c.i.embedder.EclipseLogger - skip non existing resourceDirectory C:\Users\IN-NN-014\Desktop\FormationAdaming\GIT\Workspace2\ProjetGroupGitMVC\src\test\resources
2020-02-27 15:30:48,536 [Worker-93] INFO  o.e.m.j.i.AbstractJavaProjectConfigurator - Adding source folder /ProjetGroupGitMVC/src
2020-02-27 15:30:48,537 [Worker-93] INFO  o.e.m.j.i.AbstractJavaProjectConfigurator - Not adding source folder /ProjetGroupGitMVC/src/test/java because it overlaps with /ProjetGroupGitMVC/src
2020-02-27 15:30:55,785 [Worker-93] WARN  o.e.m.c.i.embedder.EclipseLogger - Using platform encoding (Cp1252 actually) to copy filtered resources, i.e. build is platform dependent!
2020-02-27 15:30:55,824 [Worker-93] INFO  o.e.m.c.i.embedder.EclipseLogger - skip non existing resourceDirectory C:\Users\IN-NN-014\Desktop\FormationAdaming\GIT\Workspace2\ProjetGroupGitMVC\src\main\resources
2020-02-27 15:30:55,825 [Worker-93] WARN  o.e.m.c.i.embedder.EclipseLogger - Using platform encoding (Cp1252 actually) to copy filtered resources, i.e. build is platform dependent!
2020-02-27 15:30:55,897 [Worker-93] INFO  o.e.m.c.i.embedder.EclipseLogger - skip non existing resourceDirectory C:\Users\IN-NN-014\Desktop\FormationAdaming\GIT\Workspace2\ProjetGroupGitMVC\src\test\resources
2020-02-27 15:30:56,899 [Worker-93] INFO  o.e.m.c.i.p.ProjectConfigurationManager - Update started
2020-02-27 15:30:57,332 [Worker-93] INFO  o.e.m.c.i.l.LifecycleMappingFactory - Using org.eclipse.m2e.jdt.JarLifecycleMapping lifecycle mapping for MavenProject: com.inti:ProjectGroupGitMVC:0.0.1-SNAPSHOT @ C:\Users\IN-NN-014\Desktop\FormationAdaming\GIT\Workspace2\ProjetGroupGitMVC\pom.xml.
2020-02-27 15:30:58,548 [Worker-93] INFO  o.e.m.j.i.AbstractJavaProjectConfigurator - Adding source folder /ProjetGroupGitMVC/src
2020-02-27 15:30:58,549 [Worker-93] INFO  o.e.m.j.i.AbstractJavaProjectConfigurator - Not adding source folder /ProjetGroupGitMVC/src/test/java because it overlaps with /ProjetGroupGitMVC/src
2020-02-27 15:30:59,841 [Worker-93] WARN  o.e.m.c.i.embedder.EclipseLogger - Using platform encoding (Cp1252 actually) to copy filtered resources, i.e. build is platform dependent!
2020-02-27 15:30:59,920 [Worker-93] INFO  o.e.m.c.i.embedder.EclipseLogger - skip non existing resourceDirectory C:\Users\IN-NN-014\Desktop\FormationAdaming\GIT\Workspace2\ProjetGroupGitMVC\src\main\resources
2020-02-27 15:30:59,922 [Worker-93] WARN  o.e.m.c.i.embedder.EclipseLogger - Using platform encoding (Cp1252 actually) to copy filtered resources, i.e. build is platform dependent!
2020-02-27 15:30:59,955 [Worker-93] INFO  o.e.m.c.i.embedder.EclipseLogger - skip non existing resourceDirectory C:\Users\IN-NN-014\Desktop\FormationAdaming\GIT\Workspace2\ProjetGroupGitMVC\src\test\resources
2020-02-27 15:31:00,246 [Worker-93] INFO  o.e.m.c.i.p.ProjectConfigurationManager - Update completed: 3 sec
2020-02-27 15:31:01,006 [Worker-93] WARN  o.e.m.c.i.embedder.EclipseLogger - Using platform encoding (Cp1252 actually) to copy filtered resources, i.e. build is platform dependent!
2020-02-27 15:31:01,053 [Worker-93] INFO  o.e.m.c.i.embedder.EclipseLogger - skip non existing resourceDirectory C:\Users\IN-NN-014\Desktop\FormationAdaming\GIT\Workspace2\ProjetGroupGitMVC\src\main\resources
2020-02-27 15:31:01,054 [Worker-93] WARN  o.e.m.c.i.embedder.EclipseLogger - Using platform encoding (Cp1252 actually) to copy filtered resources, i.e. build is platform dependent!
2020-02-27 15:31:01,130 [Worker-93] INFO  o.e.m.c.i.embedder.EclipseLogger - skip non existing resourceDirectory C:\Users\IN-NN-014\Desktop\FormationAdaming\GIT\Workspace2\ProjetGroupGitMVC\src\test\resources
2020-02-27 15:31:34,878 [Worker-95] INFO  o.e.m.c.i.p.ProjectConfigurationManager - Update started
2020-02-27 15:31:35,355 [Worker-95] INFO  o.e.m.c.i.l.LifecycleMappingFactory - Using org.eclipse.m2e.jdt.JarLifecycleMapping lifecycle mapping for MavenProject: com.inti:ProjectGroupGitMVC:0.0.1-SNAPSHOT @ C:\Users\IN-NN-014\Desktop\FormationAdaming\GIT\Workspace2\ProjetGroupGitMVC\pom.xml.
2020-02-27 15:31:35,574 [Worker-95] INFO  o.e.m.c.i.l.LifecycleMappingFactory - Using org.eclipse.m2e.jdt.JarLifecycleMapping lifecycle mapping for MavenProject: com.inti:ProjectGroupMVCGit:0.0.1-SNAPSHOT @ C:\Users\IN-NN-014\Desktop\FormationAdaming\GIT\Workspace2\ProjectGroupMVCGit\pom.xml.
2020-02-27 15:31:35,965 [Worker-95] INFO  o.e.m.j.i.AbstractJavaProjectConfigurator - Adding source folder /ProjetGroupGitMVC/src
2020-02-27 15:31:35,966 [Worker-95] INFO  o.e.m.j.i.AbstractJavaProjectConfigurator - Not adding source folder /ProjetGroupGitMVC/src/test/java because it overlaps with /ProjetGroupGitMVC/src
2020-02-27 15:31:36,961 [Worker-95] WARN  o.e.m.c.i.embedder.EclipseLogger - Using platform encoding (Cp1252 actually) to copy filtered resources, i.e. build is platform dependent!
2020-02-27 15:31:36,979 [Worker-95] INFO  o.e.m.c.i.embedder.EclipseLogger - skip non existing resourceDirectory C:\Users\IN-NN-014\Desktop\FormationAdaming\GIT\Workspace2\ProjetGroupGitMVC\src\main\resources
2020-02-27 15:31:36,982 [Worker-95] WARN  o.e.m.c.i.embedder.EclipseLogger - Using platform encoding (Cp1252 actually) to copy filtered resources, i.e. build is platform dependent!
2020-02-27 15:31:36,998 [Worker-95] INFO  o.e.m.c.i.embedder.EclipseLogger - skip non existing resourceDirectory C:\Users\IN-NN-014\Desktop\FormationAdaming\GIT\Workspace2\ProjetGroupGitMVC\src\test\resources
2020-02-27 15:31:37,529 [Worker-95] INFO  o.e.m.c.i.p.ProjectConfigurationManager - Update completed: 2 sec
2020-02-27 15:31:37,842 [Worker-73] WARN  o.e.m.c.i.embedder.EclipseLogger - Using platform encoding (Cp1252 actually) to copy filtered resources, i.e. build is platform dependent!
2020-02-27 15:31:37,856 [Worker-73] INFO  o.e.m.c.i.embedder.EclipseLogger - Copying 0 resource
2020-02-27 15:31:37,858 [Worker-73] WARN  o.e.m.c.i.embedder.EclipseLogger - Using platform encoding (Cp1252 actually) to copy filtered resources, i.e. build is platform dependent!
2020-02-27 15:31:37,869 [Worker-73] INFO  o.e.m.c.i.embedder.EclipseLogger - Copying 0 resource
2020-02-27 15:31:38,304 [Worker-73] WARN  o.e.m.c.i.embedder.EclipseLogger - Using platform encoding (Cp1252 actually) to copy filtered resources, i.e. build is platform dependent!
2020-02-27 15:31:38,327 [Worker-73] INFO  o.e.m.c.i.embedder.EclipseLogger - skip non existing resourceDirectory C:\Users\IN-NN-014\Desktop\FormationAdaming\GIT\Workspace2\ProjetGroupGitMVC\src\main\resources
2020-02-27 15:31:38,328 [Worker-73] WARN  o.e.m.c.i.embedder.EclipseLogger - Using platform encoding (Cp1252 actually) to copy filtered resources, i.e. build is platform dependent!
2020-02-27 15:31:38,344 [Worker-73] INFO  o.e.m.c.i.embedder.EclipseLogger - skip non existing resourceDirectory C:\Users\IN-NN-014\Desktop\FormationAdaming\GIT\Workspace2\ProjetGroupGitMVC\src\test\resources
2020-02-27 15:32:01,522 [Worker-93] WARN  o.e.m.c.i.embedder.EclipseLogger - Using platform encoding (Cp1252 actually) to copy filtered resources, i.e. build is platform dependent!
2020-02-27 15:32:01,539 [Worker-93] INFO  o.e.m.c.i.embedder.EclipseLogger - skip non existing resourceDirectory C:\Users\IN-NN-014\Desktop\FormationAdaming\GIT\Workspace2\ProjetGroupGitMVC\src\main\resources
2020-02-27 15:32:01,540 [Worker-93] WARN  o.e.m.c.i.embedder.EclipseLogger - Using platform encoding (Cp1252 actually) to copy filtered resources, i.e. build is platform dependent!
2020-02-27 15:32:01,553 [Worker-93] INFO  o.e.m.c.i.embedder.EclipseLogger - skip non existing resourceDirectory C:\Users\IN-NN-014\Desktop\FormationAdaming\GIT\Workspace2\ProjetGroupGitMVC\src\test\resources
2020-02-27 15:33:30,859 [Worker-90] WARN  o.e.m.c.i.embedder.EclipseLogger - Using platform encoding (Cp1252 actually) to copy filtered resources, i.e. build is platform dependent!
2020-02-27 15:33:30,883 [Worker-90] INFO  o.e.m.c.i.embedder.EclipseLogger - skip non existing resourceDirectory C:\Users\IN-NN-014\Desktop\FormationAdaming\GIT\Workspace2\ProjetGroupGitMVC\src\main\resources
2020-02-27 15:33:30,885 [Worker-90] WARN  o.e.m.c.i.embedder.EclipseLogger - Using platform encoding (Cp1252 actually) to copy filtered resources, i.e. build is platform dependent!
2020-02-27 15:33:30,901 [Worker-90] INFO  o.e.m.c.i.embedder.EclipseLogger - skip non existing resourceDirectory C:\Users\IN-NN-014\Desktop\FormationAdaming\GIT\Workspace2\ProjetGroupGitMVC\src\test\resources
2020-02-27 15:34:52,875 [Worker-96] WARN  o.e.m.c.i.embedder.EclipseLogger - Using platform encoding (Cp1252 actually) to copy filtered resources, i.e. build is platform dependent!
2020-02-27 15:34:52,942 [Worker-96] INFO  o.e.m.c.i.embedder.EclipseLogger - skip non existing resourceDirectory C:\Users\IN-NN-014\Desktop\FormationAdaming\GIT\Workspace2\ProjetGroupGitMVC\src\main\resources
2020-02-27 15:34:52,944 [Worker-96] WARN  o.e.m.c.i.embedder.EclipseLogger - Using platform encoding (Cp1252 actually) to copy filtered resources, i.e. build is platform dependent!
2020-02-27 15:34:52,974 [Worker-96] INFO  o.e.m.c.i.embedder.EclipseLogger - skip non existing resourceDirectory C:\Users\IN-NN-014\Desktop\FormationAdaming\GIT\Workspace2\ProjetGroupGitMVC\src\test\resources
2020-02-27 15:35:20,907 [Worker-94] WARN  o.e.m.c.i.embedder.EclipseLogger - Using platform encoding (Cp1252 actually) to copy filtered resources, i.e. build is platform dependent!
2020-02-27 15:35:20,925 [Worker-94] INFO  o.e.m.c.i.embedder.EclipseLogger - skip non existing resourceDirectory C:\Users\IN-NN-014\Desktop\FormationAdaming\GIT\Workspace2\ProjetGroupGitMVC\src\main\resources
2020-02-27 15:35:20,926 [Worker-94] WARN  o.e.m.c.i.embedder.EclipseLogger - Using platform encoding (Cp1252 actually) to copy filtered resources, i.e. build is platform dependent!
2020-02-27 15:35:20,945 [Worker-94] INFO  o.e.m.c.i.embedder.EclipseLogger - skip non existing resourceDirectory C:\Users\IN-NN-014\Desktop\FormationAdaming\GIT\Workspace2\ProjetGroupGitMVC\src\test\resources
2020-02-27 15:36:18,318 [Worker-90] WARN  o.e.m.c.i.embedder.EclipseLogger - Using platform encoding (Cp1252 actually) to copy filtered resources, i.e. build is platform dependent!
2020-02-27 15:36:18,327 [Worker-90] INFO  o.e.m.c.i.embedder.EclipseLogger - skip non existing resourceDirectory C:\Users\IN-NN-014\Desktop\FormationAdaming\GIT\Workspace2\ProjetGroupGitMVC\src\main\resources
2020-02-27 15:36:18,330 [Worker-90] WARN  o.e.m.c.i.embedder.EclipseLogger - Using platform encoding (Cp1252 actually) to copy filtered resources, i.e. build is platform dependent!
2020-02-27 15:36:18,340 [Worker-90] INFO  o.e.m.c.i.embedder.EclipseLogger - skip non existing resourceDirectory C:\Users\IN-NN-014\Desktop\FormationAdaming\GIT\Workspace2\ProjetGroupGitMVC\src\test\resources
2020-02-27 15:36:31,445 [Worker-96] WARN  o.e.m.c.i.embedder.EclipseLogger - Using platform encoding (Cp1252 actually) to copy filtered resources, i.e. build is platform dependent!
2020-02-27 15:36:31,453 [Worker-96] INFO  o.e.m.c.i.embedder.EclipseLogger - skip non existing resourceDirectory C:\Users\IN-NN-014\Desktop\FormationAdaming\GIT\Workspace2\ProjetGroupGitMVC\src\main\resources
2020-02-27 15:36:31,455 [Worker-96] WARN  o.e.m.c.i.embedder.EclipseLogger - Using platform encoding (Cp1252 actually) to copy filtered resources, i.e. build is platform dependent!
2020-02-27 15:36:31,463 [Worker-96] INFO  o.e.m.c.i.embedder.EclipseLogger - skip non existing resourceDirectory C:\Users\IN-NN-014\Desktop\FormationAdaming\GIT\Workspace2\ProjetGroupGitMVC\src\test\resources
2020-02-27 15:36:42,354 [Worker-95] WARN  o.e.m.c.i.embedder.EclipseLogger - Using platform encoding (Cp1252 actually) to copy filtered resources, i.e. build is platform dependent!
2020-02-27 15:36:42,367 [Worker-95] INFO  o.e.m.c.i.embedder.EclipseLogger - skip non existing resourceDirectory C:\Users\IN-NN-014\Desktop\FormationAdaming\GIT\Workspace2\ProjetGroupGitMVC\src\main\resources
2020-02-27 15:36:42,368 [Worker-95] WARN  o.e.m.c.i.embedder.EclipseLogger - Using platform encoding (Cp1252 actually) to copy filtered resources, i.e. build is platform dependent!
2020-02-27 15:36:42,376 [Worker-95] INFO  o.e.m.c.i.embedder.EclipseLogger - skip non existing resourceDirectory C:\Users\IN-NN-014\Desktop\FormationAdaming\GIT\Workspace2\ProjetGroupGitMVC\src\test\resources
2020-02-27 15:36:53,710 [Worker-87] WARN  o.e.m.c.i.embedder.EclipseLogger - Using platform encoding (Cp1252 actually) to copy filtered resources, i.e. build is platform dependent!
2020-02-27 15:36:53,723 [Worker-87] INFO  o.e.m.c.i.embedder.EclipseLogger - skip non existing resourceDirectory C:\Users\IN-NN-014\Desktop\FormationAdaming\GIT\Workspace2\ProjetGroupGitMVC\src\main\resources
2020-02-27 15:36:53,724 [Worker-87] WARN  o.e.m.c.i.embedder.EclipseLogger - Using platform encoding (Cp1252 actually) to copy filtered resources, i.e. build is platform dependent!
2020-02-27 15:36:53,736 [Worker-87] INFO  o.e.m.c.i.embedder.EclipseLogger - skip non existing resourceDirectory C:\Users\IN-NN-014\Desktop\FormationAdaming\GIT\Workspace2\ProjetGroupGitMVC\src\test\resources
2020-02-27 15:37:07,361 [Worker-96] WARN  o.e.m.c.i.embedder.EclipseLogger - Using platform encoding (Cp1252 actually) to copy filtered resources, i.e. build is platform dependent!
2020-02-27 15:37:07,376 [Worker-96] INFO  o.e.m.c.i.embedder.EclipseLogger - skip non existing resourceDirectory C:\Users\IN-NN-014\Desktop\FormationAdaming\GIT\Workspace2\ProjetGroupGitMVC\src\main\resources
2020-02-27 15:37:07,377 [Worker-96] WARN  o.e.m.c.i.embedder.EclipseLogger - Using platform encoding (Cp1252 actually) to copy filtered resources, i.e. build is platform dependent!
2020-02-27 15:37:07,393 [Worker-96] INFO  o.e.m.c.i.embedder.EclipseLogger - skip non existing resourceDirectory C:\Users\IN-NN-014\Desktop\FormationAdaming\GIT\Workspace2\ProjetGroupGitMVC\src\test\resources
2020-02-27 15:37:21,929 [Worker-87] WARN  o.e.m.c.i.embedder.EclipseLogger - Using platform encoding (Cp1252 actually) to copy filtered resources, i.e. build is platform dependent!
2020-02-27 15:37:21,939 [Worker-87] INFO  o.e.m.c.i.embedder.EclipseLogger - skip non existing resourceDirectory C:\Users\IN-NN-014\Desktop\FormationAdaming\GIT\Workspace2\ProjetGroupGitMVC\src\main\resources
2020-02-27 15:37:21,941 [Worker-87] WARN  o.e.m.c.i.embedder.EclipseLogger - Using platform encoding (Cp1252 actually) to copy filtered resources, i.e. build is platform dependent!
2020-02-27 15:37:21,949 [Worker-87] INFO  o.e.m.c.i.embedder.EclipseLogger - skip non existing resourceDirectory C:\Users\IN-NN-014\Desktop\FormationAdaming\GIT\Workspace2\ProjetGroupGitMVC\src\test\resources
2020-02-27 15:40:21,697 [Worker-95] WARN  o.e.m.c.i.embedder.EclipseLogger - Using platform encoding (Cp1252 actually) to copy filtered resources, i.e. build is platform dependent!
2020-02-27 15:40:21,720 [Worker-95] INFO  o.e.m.c.i.embedder.EclipseLogger - skip non existing resourceDirectory C:\Users\IN-NN-014\Desktop\FormationAdaming\GIT\Workspace2\ProjetGroupGitMVC\src\main\resources
2020-02-27 15:40:21,722 [Worker-95] WARN  o.e.m.c.i.embedder.EclipseLogger - Using platform encoding (Cp1252 actually) to copy filtered resources, i.e. build is platform dependent!
2020-02-27 15:40:21,740 [Worker-95] INFO  o.e.m.c.i.embedder.EclipseLogger - skip non existing resourceDirectory C:\Users\IN-NN-014\Desktop\FormationAdaming\GIT\Workspace2\ProjetGroupGitMVC\src\test\resources
2020-02-27 15:40:23,099 [Worker-95] WARN  o.e.m.c.i.embedder.EclipseLogger - Using platform encoding (Cp1252 actually) to copy filtered resources, i.e. build is platform dependent!
2020-02-27 15:40:23,112 [Worker-95] INFO  o.e.m.c.i.embedder.EclipseLogger - skip non existing resourceDirectory C:\Users\IN-NN-014\Desktop\FormationAdaming\GIT\Workspace2\ProjetGroupGitMVC\src\main\resources
2020-02-27 15:40:23,115 [Worker-95] WARN  o.e.m.c.i.embedder.EclipseLogger - Using platform encoding (Cp1252 actually) to copy filtered resources, i.e. build is platform dependent!
2020-02-27 15:40:23,134 [Worker-95] INFO  o.e.m.c.i.embedder.EclipseLogger - skip non existing resourceDirectory C:\Users\IN-NN-014\Desktop\FormationAdaming\GIT\Workspace2\ProjetGroupGitMVC\src\test\resources
2020-02-27 15:40:49,887 [ModalContext] WARN  o.e.m.c.i.embedder.EclipseLogger - Using platform encoding (Cp1252 actually) to copy filtered resources, i.e. build is platform dependent!
2020-02-27 15:40:49,907 [ModalContext] INFO  o.e.m.c.i.embedder.EclipseLogger - skip non existing resourceDirectory C:\Users\IN-NN-014\Desktop\FormationAdaming\GIT\Workspace2\ProjetGroupGitMVC\src\main\resources
2020-02-27 15:40:49,910 [ModalContext] WARN  o.e.m.c.i.embedder.EclipseLogger - Using platform encoding (Cp1252 actually) to copy filtered resources, i.e. build is platform dependent!
2020-02-27 15:40:49,926 [ModalContext] INFO  o.e.m.c.i.embedder.EclipseLogger - skip non existing resourceDirectory C:\Users\IN-NN-014\Desktop\FormationAdaming\GIT\Workspace2\ProjetGroupGitMVC\src\test\resources
2020-02-27 15:41:40,358 [Worker-95] WARN  o.e.m.c.i.embedder.EclipseLogger - Using platform encoding (Cp1252 actually) to copy filtered resources, i.e. build is platform dependent!
2020-02-27 15:41:40,368 [Worker-95] INFO  o.e.m.c.i.embedder.EclipseLogger - skip non existing resourceDirectory C:\Users\IN-NN-014\Desktop\FormationAdaming\GIT\Workspace2\ProjetGroupGitMVC\src\main\resources
2020-02-27 15:41:40,371 [Worker-95] WARN  o.e.m.c.i.embedder.EclipseLogger - Using platform encoding (Cp1252 actually) to copy filtered resources, i.e. build is platform dependent!
2020-02-27 15:41:40,385 [Worker-95] INFO  o.e.m.c.i.embedder.EclipseLogger - skip non existing resourceDirectory C:\Users\IN-NN-014\Desktop\FormationAdaming\GIT\Workspace2\ProjetGroupGitMVC\src\test\resources
2020-02-27 15:42:45,092 [Worker-97] WARN  o.e.m.c.i.embedder.EclipseLogger - Using platform encoding (Cp1252 actually) to copy filtered resources, i.e. build is platform dependent!
2020-02-27 15:42:45,102 [Worker-97] INFO  o.e.m.c.i.embedder.EclipseLogger - skip non existing resourceDirectory C:\Users\IN-NN-014\Desktop\FormationAdaming\GIT\Workspace2\ProjetGroupGitMVC\src\main\resources
2020-02-27 15:42:45,103 [Worker-97] WARN  o.e.m.c.i.embedder.EclipseLogger - Using platform encoding (Cp1252 actually) to copy filtered resources, i.e. build is platform dependent!
2020-02-27 15:42:45,112 [Worker-97] INFO  o.e.m.c.i.embedder.EclipseLogger - skip non existing resourceDirectory C:\Users\IN-NN-014\Desktop\FormationAdaming\GIT\Workspace2\ProjetGroupGitMVC\src\test\resources
2020-02-27 15:42:54,490 [Worker-87] WARN  o.e.m.c.i.embedder.EclipseLogger - Using platform encoding (Cp1252 actually) to copy filtered resources, i.e. build is platform dependent!
2020-02-27 15:42:54,498 [Worker-87] INFO  o.e.m.c.i.embedder.EclipseLogger - skip non existing resourceDirectory C:\Users\IN-NN-014\Desktop\FormationAdaming\GIT\Workspace2\ProjetGroupGitMVC\src\main\resources
2020-02-27 15:42:54,499 [Worker-87] WARN  o.e.m.c.i.embedder.EclipseLogger - Using platform encoding (Cp1252 actually) to copy filtered resources, i.e. build is platform dependent!
2020-02-27 15:42:54,507 [Worker-87] INFO  o.e.m.c.i.embedder.EclipseLogger - skip non existing resourceDirectory C:\Users\IN-NN-014\Desktop\FormationAdaming\GIT\Workspace2\ProjetGroupGitMVC\src\test\resources
2020-02-27 15:43:10,082 [Worker-99] WARN  o.e.m.c.i.embedder.EclipseLogger - Using platform encoding (Cp1252 actually) to copy filtered resources, i.e. build is platform dependent!
2020-02-27 15:43:10,091 [Worker-99] INFO  o.e.m.c.i.embedder.EclipseLogger - skip non existing resourceDirectory C:\Users\IN-NN-014\Desktop\FormationAdaming\GIT\Workspace2\ProjetGroupGitMVC\src\main\resources
2020-02-27 15:43:10,093 [Worker-99] WARN  o.e.m.c.i.embedder.EclipseLogger - Using platform encoding (Cp1252 actually) to copy filtered resources, i.e. build is platform dependent!
2020-02-27 15:43:10,107 [Worker-99] INFO  o.e.m.c.i.embedder.EclipseLogger - skip non existing resourceDirectory C:\Users\IN-NN-014\Desktop\FormationAdaming\GIT\Workspace2\ProjetGroupGitMVC\src\test\resources
2020-02-27 15:43:46,630 [Worker-98] WARN  o.e.m.c.i.embedder.EclipseLogger - Using platform encoding (Cp1252 actually) to copy filtered resources, i.e. build is platform dependent!
2020-02-27 15:43:46,645 [Worker-98] INFO  o.e.m.c.i.embedder.EclipseLogger - skip non existing resourceDirectory C:\Users\IN-NN-014\Desktop\FormationAdaming\GIT\Workspace2\ProjetGroupGitMVC\src\main\resources
2020-02-27 15:43:46,647 [Worker-98] WARN  o.e.m.c.i.embedder.EclipseLogger - Using platform encoding (Cp1252 actually) to copy filtered resources, i.e. build is platform dependent!
2020-02-27 15:43:46,661 [Worker-98] INFO  o.e.m.c.i.embedder.EclipseLogger - skip non existing resourceDirectory C:\Users\IN-NN-014\Desktop\FormationAdaming\GIT\Workspace2\ProjetGroupGitMVC\src\test\resources
2020-02-27 15:43:57,988 [Worker-99] WARN  o.e.m.c.i.embedder.EclipseLogger - Using platform encoding (Cp1252 actually) to copy filtered resources, i.e. build is platform dependent!
2020-02-27 15:43:58,099 [Worker-99] INFO  o.e.m.c.i.embedder.EclipseLogger - skip non existing resourceDirectory C:\Users\IN-NN-014\Desktop\FormationAdaming\GIT\Workspace2\ProjetGroupGitMVC\src\main\resources
2020-02-27 15:43:58,103 [Worker-99] WARN  o.e.m.c.i.embedder.EclipseLogger - Using platform encoding (Cp1252 actually) to copy filtered resources, i.e. build is platform dependent!
2020-02-27 15:43:58,117 [Worker-99] INFO  o.e.m.c.i.embedder.EclipseLogger - skip non existing resourceDirectory C:\Users\IN-NN-014\Desktop\FormationAdaming\GIT\Workspace2\ProjetGroupGitMVC\src\test\resources
2020-02-27 15:44:16,100 [Worker-98] WARN  o.e.m.c.i.embedder.EclipseLogger - Using platform encoding (Cp1252 actually) to copy filtered resources, i.e. build is platform dependent!
2020-02-27 15:44:16,165 [Worker-98] INFO  o.e.m.c.i.embedder.EclipseLogger - skip non existing resourceDirectory C:\Users\IN-NN-014\Desktop\FormationAdaming\GIT\Workspace2\ProjetGroupGitMVC\src\main\resources
2020-02-27 15:44:16,167 [Worker-98] WARN  o.e.m.c.i.embedder.EclipseLogger - Using platform encoding (Cp1252 actually) to copy filtered resources, i.e. build is platform dependent!
2020-02-27 15:44:16,195 [Worker-98] INFO  o.e.m.c.i.embedder.EclipseLogger - skip non existing resourceDirectory C:\Users\IN-NN-014\Desktop\FormationAdaming\GIT\Workspace2\ProjetGroupGitMVC\src\test\resources
2020-02-27 15:44:27,501 [Worker-101] WARN  o.e.m.c.i.embedder.EclipseLogger - Using platform encoding (Cp1252 actually) to copy filtered resources, i.e. build is platform dependent!
2020-02-27 15:44:27,900 [Worker-101] INFO  o.e.m.c.i.embedder.EclipseLogger - skip non existing resourceDirectory C:\Users\IN-NN-014\Desktop\FormationAdaming\GIT\Workspace2\ProjetGroupGitMVC\src\main\resources
2020-02-27 15:44:27,902 [Worker-101] WARN  o.e.m.c.i.embedder.EclipseLogger - Using platform encoding (Cp1252 actually) to copy filtered resources, i.e. build is platform dependent!
2020-02-27 15:44:27,971 [Worker-101] INFO  o.e.m.c.i.embedder.EclipseLogger - skip non existing resourceDirectory C:\Users\IN-NN-014\Desktop\FormationAdaming\GIT\Workspace2\ProjetGroupGitMVC\src\test\resources
2020-02-27 15:46:55,432 [Worker-99] WARN  o.e.m.c.i.embedder.EclipseLogger - Using platform encoding (Cp1252 actually) to copy filtered resources, i.e. build is platform dependent!
2020-02-27 15:46:55,447 [Worker-99] INFO  o.e.m.c.i.embedder.EclipseLogger - skip non existing resourceDirectory C:\Users\IN-NN-014\Desktop\FormationAdaming\GIT\Workspace2\ProjetGroupGitMVC\src\main\resources
2020-02-27 15:46:55,449 [Worker-99] WARN  o.e.m.c.i.embedder.EclipseLogger - Using platform encoding (Cp1252 actually) to copy filtered resources, i.e. build is platform dependent!
2020-02-27 15:46:55,467 [Worker-99] INFO  o.e.m.c.i.embedder.EclipseLogger - skip non existing resourceDirectory C:\Users\IN-NN-014\Desktop\FormationAdaming\GIT\Workspace2\ProjetGroupGitMVC\src\test\resources
2020-02-27 15:47:52,925 [Worker-97] WARN  o.e.m.c.i.embedder.EclipseLogger - Using platform encoding (Cp1252 actually) to copy filtered resources, i.e. build is platform dependent!
2020-02-27 15:47:52,942 [Worker-97] INFO  o.e.m.c.i.embedder.EclipseLogger - skip non existing resourceDirectory C:\Users\IN-NN-014\Desktop\FormationAdaming\GIT\Workspace2\ProjetGroupGitMVC\src\main\resources
2020-02-27 15:47:52,944 [Worker-97] WARN  o.e.m.c.i.embedder.EclipseLogger - Using platform encoding (Cp1252 actually) to copy filtered resources, i.e. build is platform dependent!
2020-02-27 15:47:52,985 [Worker-97] INFO  o.e.m.c.i.embedder.EclipseLogger - skip non existing resourceDirectory C:\Users\IN-NN-014\Desktop\FormationAdaming\GIT\Workspace2\ProjetGroupGitMVC\src\test\resources
2020-02-27 15:47:57,100 [Worker-98] WARN  o.e.m.c.i.embedder.EclipseLogger - Using platform encoding (Cp1252 actually) to copy filtered resources, i.e. build is platform dependent!
2020-02-27 15:47:57,133 [Worker-98] INFO  o.e.m.c.i.embedder.EclipseLogger - skip non existing resourceDirectory C:\Users\IN-NN-014\Desktop\FormationAdaming\GIT\Workspace2\ProjetGroupGitMVC\src\main\resources
2020-02-27 15:47:57,134 [Worker-98] WARN  o.e.m.c.i.embedder.EclipseLogger - Using platform encoding (Cp1252 actually) to copy filtered resources, i.e. build is platform dependent!
2020-02-27 15:47:57,189 [Worker-98] INFO  o.e.m.c.i.embedder.EclipseLogger - skip non existing resourceDirectory C:\Users\IN-NN-014\Desktop\FormationAdaming\GIT\Workspace2\ProjetGroupGitMVC\src\test\resources
2020-02-27 15:48:36,692 [Worker-99] WARN  o.e.m.c.i.embedder.EclipseLogger - Using platform encoding (Cp1252 actually) to copy filtered resources, i.e. build is platform dependent!
2020-02-27 15:48:36,719 [Worker-99] INFO  o.e.m.c.i.embedder.EclipseLogger - skip non existing resourceDirectory C:\Users\IN-NN-014\Desktop\FormationAdaming\GIT\Workspace2\ProjetGroupGitMVC\src\main\resources
2020-02-27 15:48:36,721 [Worker-99] WARN  o.e.m.c.i.embedder.EclipseLogger - Using platform encoding (Cp1252 actually) to copy filtered resources, i.e. build is platform dependent!
2020-02-27 15:48:36,744 [Worker-99] INFO  o.e.m.c.i.embedder.EclipseLogger - skip non existing resourceDirectory C:\Users\IN-NN-014\Desktop\FormationAdaming\GIT\Workspace2\ProjetGroupGitMVC\src\test\resources
2020-02-27 15:48:43,812 [Worker-95] WARN  o.e.m.c.i.embedder.EclipseLogger - Using platform encoding (Cp1252 actually) to copy filtered resources, i.e. build is platform dependent!
2020-02-27 15:48:43,882 [Worker-95] INFO  o.e.m.c.i.embedder.EclipseLogger - skip non existing resourceDirectory C:\Users\IN-NN-014\Desktop\FormationAdaming\GIT\Workspace2\ProjetGroupGitMVC\src\main\resources
2020-02-27 15:48:43,884 [Worker-95] WARN  o.e.m.c.i.embedder.EclipseLogger - Using platform encoding (Cp1252 actually) to copy filtered resources, i.e. build is platform dependent!
2020-02-27 15:48:43,913 [Worker-95] INFO  o.e.m.c.i.embedder.EclipseLogger - skip non existing resourceDirectory C:\Users\IN-NN-014\Desktop\FormationAdaming\GIT\Workspace2\ProjetGroupGitMVC\src\test\resources
2020-02-27 15:49:02,441 [Worker-101] WARN  o.e.m.c.i.embedder.EclipseLogger - Using platform encoding (Cp1252 actually) to copy filtered resources, i.e. build is platform dependent!
2020-02-27 15:49:02,468 [Worker-101] INFO  o.e.m.c.i.embedder.EclipseLogger - skip non existing resourceDirectory C:\Users\IN-NN-014\Desktop\FormationAdaming\GIT\Workspace2\ProjetGroupGitMVC\src\main\resources
2020-02-27 15:49:02,470 [Worker-101] WARN  o.e.m.c.i.embedder.EclipseLogger - Using platform encoding (Cp1252 actually) to copy filtered resources, i.e. build is platform dependent!
2020-02-27 15:49:02,532 [Worker-101] INFO  o.e.m.c.i.embedder.EclipseLogger - skip non existing resourceDirectory C:\Users\IN-NN-014\Desktop\FormationAdaming\GIT\Workspace2\ProjetGroupGitMVC\src\test\resources
2020-02-27 15:49:13,074 [Worker-97] WARN  o.e.m.c.i.embedder.EclipseLogger - Using platform encoding (Cp1252 actually) to copy filtered resources, i.e. build is platform dependent!
2020-02-27 15:49:13,091 [Worker-97] INFO  o.e.m.c.i.embedder.EclipseLogger - skip non existing resourceDirectory C:\Users\IN-NN-014\Desktop\FormationAdaming\GIT\Workspace2\ProjetGroupGitMVC\src\main\resources
2020-02-27 15:49:13,093 [Worker-97] WARN  o.e.m.c.i.embedder.EclipseLogger - Using platform encoding (Cp1252 actually) to copy filtered resources, i.e. build is platform dependent!
2020-02-27 15:49:13,120 [Worker-97] INFO  o.e.m.c.i.embedder.EclipseLogger - skip non existing resourceDirectory C:\Users\IN-NN-014\Desktop\FormationAdaming\GIT\Workspace2\ProjetGroupGitMVC\src\test\resources
2020-02-27 15:49:26,661 [Worker-95] WARN  o.e.r.models.ModelRepository - Failed to download org.eclipse.recommenders:index::zip:0.0.0
org.eclipse.aether.resolution.ArtifactResolutionException: Could not find artifact org.eclipse.recommenders:index:zip:0.0.0-SNAPSHOT in models (http://download.eclipse.org/recommenders/models/oxygen/)
	at org.eclipse.aether.internal.impl.DefaultArtifactResolver.resolve(DefaultArtifactResolver.java:453) ~[na:na]
	at org.eclipse.aether.internal.impl.DefaultArtifactResolver.resolveArtifacts(DefaultArtifactResolver.java:255) ~[na:na]
	at org.eclipse.aether.internal.impl.DefaultArtifactResolver.resolveArtifact(DefaultArtifactResolver.java:232) ~[na:na]
	at org.eclipse.aether.internal.impl.DefaultRepositorySystem.resolveArtifact(DefaultRepositorySystem.java:303) ~[na:na]
	at org.eclipse.recommenders.models.ModelRepository.resolveInternal(ModelRepository.java:193) [org.eclipse.recommenders.models_2.5.0.v20171201-1623.jar:na]
	at org.eclipse.recommenders.models.ModelRepository.resolve(ModelRepository.java:172) [org.eclipse.recommenders.models_2.5.0.v20171201-1623.jar:na]
	at org.eclipse.recommenders.internal.models.rcp.EclipseModelRepository.resolve(EclipseModelRepository.java:168) [org.eclipse.recommenders.models.rcp_2.5.0.v20171201-1623.jar:na]
	at org.eclipse.recommenders.internal.models.rcp.DownloadModelArchiveJob.run(DownloadModelArchiveJob.java:76) [org.eclipse.recommenders.models.rcp_2.5.0.v20171201-1623.jar:na]
	at org.eclipse.core.internal.jobs.Worker.run(Worker.java:56) [org.eclipse.core.jobs_3.9.2.v20171030-1027.jar:na]
Caused by: org.eclipse.aether.transfer.ArtifactNotFoundException: Could not find artifact org.eclipse.recommenders:index:zip:0.0.0-SNAPSHOT in models (http://download.eclipse.org/recommenders/models/oxygen/)
	at org.eclipse.aether.connector.basic.ArtifactTransportListener.transferFailed(ArtifactTransportListener.java:48) ~[org.apache.maven.resolver.connector.basic_1.0.3.v20170405-0725.jar:1.0.3]
	at org.eclipse.aether.connector.basic.BasicRepositoryConnector$TaskRunner.run(BasicRepositoryConnector.java:364) ~[org.apache.maven.resolver.connector.basic_1.0.3.v20170405-0725.jar:1.0.3]
	at org.eclipse.aether.util.concurrency.RunnableErrorForwarder$1.run(RunnableErrorForwarder.java:76) ~[na:na]
	at org.eclipse.aether.connector.basic.BasicRepositoryConnector$DirectExecutor.execute(BasicRepositoryConnector.java:590) ~[org.apache.maven.resolver.connector.basic_1.0.3.v20170405-0725.jar:1.0.3]
	at org.eclipse.aether.connector.basic.BasicRepositoryConnector.get(BasicRepositoryConnector.java:258) ~[org.apache.maven.resolver.connector.basic_1.0.3.v20170405-0725.jar:1.0.3]
	at org.eclipse.aether.internal.impl.DefaultArtifactResolver.performDownloads(DefaultArtifactResolver.java:529) ~[na:na]
	at org.eclipse.aether.internal.impl.DefaultArtifactResolver.resolve(DefaultArtifactResolver.java:430) ~[na:na]
	... 8 common frames omitted
2020-02-27 15:49:33,262 [Worker-99] WARN  o.e.m.c.i.embedder.EclipseLogger - Using platform encoding (Cp1252 actually) to copy filtered resources, i.e. build is platform dependent!
2020-02-27 15:49:33,277 [Worker-99] INFO  o.e.m.c.i.embedder.EclipseLogger - skip non existing resourceDirectory C:\Users\IN-NN-014\Desktop\FormationAdaming\GIT\Workspace2\ProjetGroupGitMVC\src\main\resources
2020-02-27 15:49:33,278 [Worker-99] WARN  o.e.m.c.i.embedder.EclipseLogger - Using platform encoding (Cp1252 actually) to copy filtered resources, i.e. build is platform dependent!
2020-02-27 15:49:33,294 [Worker-99] INFO  o.e.m.c.i.embedder.EclipseLogger - skip non existing resourceDirectory C:\Users\IN-NN-014\Desktop\FormationAdaming\GIT\Workspace2\ProjetGroupGitMVC\src\test\resources
2020-02-27 15:49:41,081 [Worker-99] WARN  o.e.m.c.i.embedder.EclipseLogger - Using platform encoding (Cp1252 actually) to copy filtered resources, i.e. build is platform dependent!
2020-02-27 15:49:41,093 [Worker-99] INFO  o.e.m.c.i.embedder.EclipseLogger - skip non existing resourceDirectory C:\Users\IN-NN-014\Desktop\FormationAdaming\GIT\Workspace2\ProjetGroupGitMVC\src\main\resources
2020-02-27 15:49:41,095 [Worker-99] WARN  o.e.m.c.i.embedder.EclipseLogger - Using platform encoding (Cp1252 actually) to copy filtered resources, i.e. build is platform dependent!
2020-02-27 15:49:41,104 [Worker-99] INFO  o.e.m.c.i.embedder.EclipseLogger - skip non existing resourceDirectory C:\Users\IN-NN-014\Desktop\FormationAdaming\GIT\Workspace2\ProjetGroupGitMVC\src\test\resources
2020-02-27 15:50:26,668 [Worker-98] WARN  o.e.m.c.i.embedder.EclipseLogger - Using platform encoding (Cp1252 actually) to copy filtered resources, i.e. build is platform dependent!
2020-02-27 15:50:26,914 [Worker-98] INFO  o.e.m.c.i.embedder.EclipseLogger - skip non existing resourceDirectory C:\Users\IN-NN-014\Desktop\FormationAdaming\GIT\Workspace2\ProjetGroupGitMVC\src\main\resources
2020-02-27 15:50:26,915 [Worker-98] WARN  o.e.m.c.i.embedder.EclipseLogger - Using platform encoding (Cp1252 actually) to copy filtered resources, i.e. build is platform dependent!
2020-02-27 15:50:26,947 [Worker-98] INFO  o.e.m.c.i.embedder.EclipseLogger - skip non existing resourceDirectory C:\Users\IN-NN-014\Desktop\FormationAdaming\GIT\Workspace2\ProjetGroupGitMVC\src\test\resources
2020-02-27 15:50:36,257 [Worker-95] WARN  o.e.m.c.i.embedder.EclipseLogger - Using platform encoding (Cp1252 actually) to copy filtered resources, i.e. build is platform dependent!
2020-02-27 15:50:36,360 [Worker-95] INFO  o.e.m.c.i.embedder.EclipseLogger - skip non existing resourceDirectory C:\Users\IN-NN-014\Desktop\FormationAdaming\GIT\Workspace2\ProjetGroupGitMVC\src\main\resources
2020-02-27 15:50:36,361 [Worker-95] WARN  o.e.m.c.i.embedder.EclipseLogger - Using platform encoding (Cp1252 actually) to copy filtered resources, i.e. build is platform dependent!
2020-02-27 15:50:36,378 [Worker-95] INFO  o.e.m.c.i.embedder.EclipseLogger - skip non existing resourceDirectory C:\Users\IN-NN-014\Desktop\FormationAdaming\GIT\Workspace2\ProjetGroupGitMVC\src\test\resources
2020-02-27 15:50:59,407 [Worker-98] WARN  o.e.m.c.i.embedder.EclipseLogger - Using platform encoding (Cp1252 actually) to copy filtered resources, i.e. build is platform dependent!
2020-02-27 15:50:59,424 [Worker-98] INFO  o.e.m.c.i.embedder.EclipseLogger - skip non existing resourceDirectory C:\Users\IN-NN-014\Desktop\FormationAdaming\GIT\Workspace2\ProjetGroupGitMVC\src\main\resources
2020-02-27 15:50:59,429 [Worker-98] WARN  o.e.m.c.i.embedder.EclipseLogger - Using platform encoding (Cp1252 actually) to copy filtered resources, i.e. build is platform dependent!
2020-02-27 15:50:59,451 [Worker-98] INFO  o.e.m.c.i.embedder.EclipseLogger - skip non existing resourceDirectory C:\Users\IN-NN-014\Desktop\FormationAdaming\GIT\Workspace2\ProjetGroupGitMVC\src\test\resources
2020-02-27 15:51:04,690 [Worker-87] WARN  o.e.m.c.i.embedder.EclipseLogger - Using platform encoding (Cp1252 actually) to copy filtered resources, i.e. build is platform dependent!
2020-02-27 15:51:04,711 [Worker-87] INFO  o.e.m.c.i.embedder.EclipseLogger - skip non existing resourceDirectory C:\Users\IN-NN-014\Desktop\FormationAdaming\GIT\Workspace2\ProjetGroupGitMVC\src\main\resources
2020-02-27 15:51:04,712 [Worker-87] WARN  o.e.m.c.i.embedder.EclipseLogger - Using platform encoding (Cp1252 actually) to copy filtered resources, i.e. build is platform dependent!
2020-02-27 15:51:04,730 [Worker-87] INFO  o.e.m.c.i.embedder.EclipseLogger - skip non existing resourceDirectory C:\Users\IN-NN-014\Desktop\FormationAdaming\GIT\Workspace2\ProjetGroupGitMVC\src\test\resources
2020-02-27 15:51:14,915 [Worker-100] WARN  o.e.m.c.i.embedder.EclipseLogger - Using platform encoding (Cp1252 actually) to copy filtered resources, i.e. build is platform dependent!
2020-02-27 15:51:14,928 [Worker-100] INFO  o.e.m.c.i.embedder.EclipseLogger - skip non existing resourceDirectory C:\Users\IN-NN-014\Desktop\FormationAdaming\GIT\Workspace2\ProjetGroupGitMVC\src\main\resources
2020-02-27 15:51:14,930 [Worker-100] WARN  o.e.m.c.i.embedder.EclipseLogger - Using platform encoding (Cp1252 actually) to copy filtered resources, i.e. build is platform dependent!
2020-02-27 15:51:14,943 [Worker-100] INFO  o.e.m.c.i.embedder.EclipseLogger - skip non existing resourceDirectory C:\Users\IN-NN-014\Desktop\FormationAdaming\GIT\Workspace2\ProjetGroupGitMVC\src\test\resources
2020-02-27 15:51:36,054 [Worker-100] WARN  o.e.m.c.i.embedder.EclipseLogger - Using platform encoding (Cp1252 actually) to copy filtered resources, i.e. build is platform dependent!
2020-02-27 15:51:36,069 [Worker-100] INFO  o.e.m.c.i.embedder.EclipseLogger - skip non existing resourceDirectory C:\Users\IN-NN-014\Desktop\FormationAdaming\GIT\Workspace2\ProjetGroupGitMVC\src\main\resources
2020-02-27 15:51:36,070 [Worker-100] WARN  o.e.m.c.i.embedder.EclipseLogger - Using platform encoding (Cp1252 actually) to copy filtered resources, i.e. build is platform dependent!
2020-02-27 15:51:36,081 [Worker-100] INFO  o.e.m.c.i.embedder.EclipseLogger - skip non existing resourceDirectory C:\Users\IN-NN-014\Desktop\FormationAdaming\GIT\Workspace2\ProjetGroupGitMVC\src\test\resources
2020-02-27 15:53:26,114 [Worker-100] WARN  o.e.m.c.i.embedder.EclipseLogger - Using platform encoding (Cp1252 actually) to copy filtered resources, i.e. build is platform dependent!
2020-02-27 15:53:26,209 [Worker-100] INFO  o.e.m.c.i.embedder.EclipseLogger - skip non existing resourceDirectory C:\Users\IN-NN-014\Desktop\FormationAdaming\GIT\Workspace2\ProjetGroupGitMVC\src\main\resources
2020-02-27 15:53:26,211 [Worker-100] WARN  o.e.m.c.i.embedder.EclipseLogger - Using platform encoding (Cp1252 actually) to copy filtered resources, i.e. build is platform dependent!
2020-02-27 15:53:26,228 [Worker-100] INFO  o.e.m.c.i.embedder.EclipseLogger - skip non existing resourceDirectory C:\Users\IN-NN-014\Desktop\FormationAdaming\GIT\Workspace2\ProjetGroupGitMVC\src\test\resources
2020-02-27 15:53:53,952 [Worker-99] WARN  o.e.m.c.i.embedder.EclipseLogger - Using platform encoding (Cp1252 actually) to copy filtered resources, i.e. build is platform dependent!
2020-02-27 15:53:53,970 [Worker-99] INFO  o.e.m.c.i.embedder.EclipseLogger - skip non existing resourceDirectory C:\Users\IN-NN-014\Desktop\FormationAdaming\GIT\Workspace2\ProjetGroupGitMVC\src\main\resources
2020-02-27 15:53:53,973 [Worker-99] WARN  o.e.m.c.i.embedder.EclipseLogger - Using platform encoding (Cp1252 actually) to copy filtered resources, i.e. build is platform dependent!
2020-02-27 15:53:53,988 [Worker-99] INFO  o.e.m.c.i.embedder.EclipseLogger - skip non existing resourceDirectory C:\Users\IN-NN-014\Desktop\FormationAdaming\GIT\Workspace2\ProjetGroupGitMVC\src\test\resources
2020-02-27 15:54:14,478 [Worker-99] WARN  o.e.m.c.i.embedder.EclipseLogger - Using platform encoding (Cp1252 actually) to copy filtered resources, i.e. build is platform dependent!
2020-02-27 15:54:14,596 [Worker-99] INFO  o.e.m.c.i.embedder.EclipseLogger - skip non existing resourceDirectory C:\Users\IN-NN-014\Desktop\FormationAdaming\GIT\Workspace2\ProjetGroupGitMVC\src\main\resources
2020-02-27 15:54:14,598 [Worker-99] WARN  o.e.m.c.i.embedder.EclipseLogger - Using platform encoding (Cp1252 actually) to copy filtered resources, i.e. build is platform dependent!
2020-02-27 15:54:14,624 [Worker-99] INFO  o.e.m.c.i.embedder.EclipseLogger - skip non existing resourceDirectory C:\Users\IN-NN-014\Desktop\FormationAdaming\GIT\Workspace2\ProjetGroupGitMVC\src\test\resources
2020-02-27 15:54:18,389 [Worker-95] WARN  o.e.m.c.i.embedder.EclipseLogger - Using platform encoding (Cp1252 actually) to copy filtered resources, i.e. build is platform dependent!
2020-02-27 15:54:18,405 [Worker-95] INFO  o.e.m.c.i.embedder.EclipseLogger - skip non existing resourceDirectory C:\Users\IN-NN-014\Desktop\FormationAdaming\GIT\Workspace2\ProjetGroupGitMVC\src\main\resources
2020-02-27 15:54:18,406 [Worker-95] WARN  o.e.m.c.i.embedder.EclipseLogger - Using platform encoding (Cp1252 actually) to copy filtered resources, i.e. build is platform dependent!
2020-02-27 15:54:18,422 [Worker-95] INFO  o.e.m.c.i.embedder.EclipseLogger - skip non existing resourceDirectory C:\Users\IN-NN-014\Desktop\FormationAdaming\GIT\Workspace2\ProjetGroupGitMVC\src\test\resources
2020-02-27 15:54:26,648 [Worker-100] WARN  o.e.m.c.i.embedder.EclipseLogger - Using platform encoding (Cp1252 actually) to copy filtered resources, i.e. build is platform dependent!
2020-02-27 15:54:26,656 [Worker-100] INFO  o.e.m.c.i.embedder.EclipseLogger - skip non existing resourceDirectory C:\Users\IN-NN-014\Desktop\FormationAdaming\GIT\Workspace2\ProjetGroupGitMVC\src\main\resources
2020-02-27 15:54:26,657 [Worker-100] WARN  o.e.m.c.i.embedder.EclipseLogger - Using platform encoding (Cp1252 actually) to copy filtered resources, i.e. build is platform dependent!
2020-02-27 15:54:26,664 [Worker-100] INFO  o.e.m.c.i.embedder.EclipseLogger - skip non existing resourceDirectory C:\Users\IN-NN-014\Desktop\FormationAdaming\GIT\Workspace2\ProjetGroupGitMVC\src\test\resources
2020-02-27 15:54:42,849 [Worker-100] WARN  o.e.m.c.i.embedder.EclipseLogger - Using platform encoding (Cp1252 actually) to copy filtered resources, i.e. build is platform dependent!
2020-02-27 15:54:42,858 [Worker-100] INFO  o.e.m.c.i.embedder.EclipseLogger - skip non existing resourceDirectory C:\Users\IN-NN-014\Desktop\FormationAdaming\GIT\Workspace2\ProjetGroupGitMVC\src\main\resources
2020-02-27 15:54:42,859 [Worker-100] WARN  o.e.m.c.i.embedder.EclipseLogger - Using platform encoding (Cp1252 actually) to copy filtered resources, i.e. build is platform dependent!
2020-02-27 15:54:42,870 [Worker-100] INFO  o.e.m.c.i.embedder.EclipseLogger - skip non existing resourceDirectory C:\Users\IN-NN-014\Desktop\FormationAdaming\GIT\Workspace2\ProjetGroupGitMVC\src\test\resources
2020-02-27 15:55:50,211 [Worker-100] WARN  o.e.m.c.i.embedder.EclipseLogger - Using platform encoding (Cp1252 actually) to copy filtered resources, i.e. build is platform dependent!
2020-02-27 15:55:50,225 [Worker-100] INFO  o.e.m.c.i.embedder.EclipseLogger - skip non existing resourceDirectory C:\Users\IN-NN-014\Desktop\FormationAdaming\GIT\Workspace2\ProjetGroupGitMVC\src\main\resources
2020-02-27 15:55:50,227 [Worker-100] WARN  o.e.m.c.i.embedder.EclipseLogger - Using platform encoding (Cp1252 actually) to copy filtered resources, i.e. build is platform dependent!
2020-02-27 15:55:50,257 [Worker-100] INFO  o.e.m.c.i.embedder.EclipseLogger - skip non existing resourceDirectory C:\Users\IN-NN-014\Desktop\FormationAdaming\GIT\Workspace2\ProjetGroupGitMVC\src\test\resources
2020-02-27 16:53:51,850 [Worker-113] WARN  o.e.m.c.i.embedder.EclipseLogger - Using platform encoding (Cp1252 actually) to copy filtered resources, i.e. build is platform dependent!
2020-02-27 16:53:51,901 [Worker-113] INFO  o.e.m.c.i.embedder.EclipseLogger - skip non existing resourceDirectory C:\Users\IN-NN-014\Desktop\FormationAdaming\GIT\Workspace2\ProjetGroupGitMVC\src\main\resources
2020-02-27 16:53:51,903 [Worker-113] WARN  o.e.m.c.i.embedder.EclipseLogger - Using platform encoding (Cp1252 actually) to copy filtered resources, i.e. build is platform dependent!
2020-02-27 16:53:51,935 [Worker-113] INFO  o.e.m.c.i.embedder.EclipseLogger - skip non existing resourceDirectory C:\Users\IN-NN-014\Desktop\FormationAdaming\GIT\Workspace2\ProjetGroupGitMVC\src\test\resources
2020-02-27 16:53:54,922 [Worker-112] WARN  o.e.m.c.i.embedder.EclipseLogger - Using platform encoding (Cp1252 actually) to copy filtered resources, i.e. build is platform dependent!
2020-02-27 16:53:54,966 [Worker-112] INFO  o.e.m.c.i.embedder.EclipseLogger - skip non existing resourceDirectory C:\Users\IN-NN-014\Desktop\FormationAdaming\GIT\Workspace2\ProjetGroupGitMVC\src\main\resources
2020-02-27 16:53:54,969 [Worker-112] WARN  o.e.m.c.i.embedder.EclipseLogger - Using platform encoding (Cp1252 actually) to copy filtered resources, i.e. build is platform dependent!
2020-02-27 16:53:55,000 [Worker-112] INFO  o.e.m.c.i.embedder.EclipseLogger - skip non existing resourceDirectory C:\Users\IN-NN-014\Desktop\FormationAdaming\GIT\Workspace2\ProjetGroupGitMVC\src\test\resources
2020-02-27 16:53:56,134 [Worker-115] WARN  o.e.m.c.i.embedder.EclipseLogger - Using platform encoding (Cp1252 actually) to copy filtered resources, i.e. build is platform dependent!
2020-02-27 16:53:56,155 [Worker-115] INFO  o.e.m.c.i.embedder.EclipseLogger - skip non existing resourceDirectory C:\Users\IN-NN-014\Desktop\FormationAdaming\GIT\Workspace2\ProjetGroupGitMVC\src\main\resources
2020-02-27 16:53:56,155 [Worker-115] WARN  o.e.m.c.i.embedder.EclipseLogger - Using platform encoding (Cp1252 actually) to copy filtered resources, i.e. build is platform dependent!
2020-02-27 16:53:56,175 [Worker-115] INFO  o.e.m.c.i.embedder.EclipseLogger - skip non existing resourceDirectory C:\Users\IN-NN-014\Desktop\FormationAdaming\GIT\Workspace2\ProjetGroupGitMVC\src\test\resources
2020-02-27 16:55:35,784 [Worker-112] WARN  o.e.m.c.i.embedder.EclipseLogger - Using platform encoding (Cp1252 actually) to copy filtered resources, i.e. build is platform dependent!
2020-02-27 16:55:35,834 [Worker-112] INFO  o.e.m.c.i.embedder.EclipseLogger - skip non existing resourceDirectory C:\Users\IN-NN-014\Desktop\FormationAdaming\GIT\Workspace2\ProjetGroupGitMVC\src\main\resources
2020-02-27 16:55:35,834 [Worker-112] WARN  o.e.m.c.i.embedder.EclipseLogger - Using platform encoding (Cp1252 actually) to copy filtered resources, i.e. build is platform dependent!
2020-02-27 16:55:35,844 [Worker-112] INFO  o.e.m.c.i.embedder.EclipseLogger - skip non existing resourceDirectory C:\Users\IN-NN-014\Desktop\FormationAdaming\GIT\Workspace2\ProjetGroupGitMVC\src\test\resources
2020-02-27 16:57:09,099 [Worker-115] WARN  o.e.m.c.i.embedder.EclipseLogger - Using platform encoding (Cp1252 actually) to copy filtered resources, i.e. build is platform dependent!
2020-02-27 16:57:09,160 [Worker-115] INFO  o.e.m.c.i.embedder.EclipseLogger - skip non existing resourceDirectory C:\Users\IN-NN-014\Desktop\FormationAdaming\GIT\Workspace2\ProjetGroupGitMVC\src\main\resources
2020-02-27 16:57:09,163 [Worker-115] WARN  o.e.m.c.i.embedder.EclipseLogger - Using platform encoding (Cp1252 actually) to copy filtered resources, i.e. build is platform dependent!
2020-02-27 16:57:09,179 [Worker-115] INFO  o.e.m.c.i.embedder.EclipseLogger - skip non existing resourceDirectory C:\Users\IN-NN-014\Desktop\FormationAdaming\GIT\Workspace2\ProjetGroupGitMVC\src\test\resources
2020-02-27 16:57:12,837 [Worker-113] WARN  o.e.m.c.i.embedder.EclipseLogger - Using platform encoding (Cp1252 actually) to copy filtered resources, i.e. build is platform dependent!
2020-02-27 16:57:12,865 [Worker-113] INFO  o.e.m.c.i.embedder.EclipseLogger - skip non existing resourceDirectory C:\Users\IN-NN-014\Desktop\FormationAdaming\GIT\Workspace2\ProjetGroupGitMVC\src\main\resources
2020-02-27 16:57:12,865 [Worker-113] WARN  o.e.m.c.i.embedder.EclipseLogger - Using platform encoding (Cp1252 actually) to copy filtered resources, i.e. build is platform dependent!
2020-02-27 16:57:12,874 [Worker-113] INFO  o.e.m.c.i.embedder.EclipseLogger - skip non existing resourceDirectory C:\Users\IN-NN-014\Desktop\FormationAdaming\GIT\Workspace2\ProjetGroupGitMVC\src\test\resources
2020-02-27 16:57:23,294 [Worker-115] WARN  o.e.m.c.i.embedder.EclipseLogger - Using platform encoding (Cp1252 actually) to copy filtered resources, i.e. build is platform dependent!
2020-02-27 16:57:23,315 [Worker-115] INFO  o.e.m.c.i.embedder.EclipseLogger - skip non existing resourceDirectory C:\Users\IN-NN-014\Desktop\FormationAdaming\GIT\Workspace2\ProjetGroupGitMVC\src\main\resources
2020-02-27 16:57:23,316 [Worker-115] WARN  o.e.m.c.i.embedder.EclipseLogger - Using platform encoding (Cp1252 actually) to copy filtered resources, i.e. build is platform dependent!
2020-02-27 16:57:23,326 [Worker-115] INFO  o.e.m.c.i.embedder.EclipseLogger - skip non existing resourceDirectory C:\Users\IN-NN-014\Desktop\FormationAdaming\GIT\Workspace2\ProjetGroupGitMVC\src\test\resources
